Using pre-set license
Built from '2020.3/staging' branch; Version is '2020.3.9f1 (108be757e447) revision 1084391'; Using compiler version '192528614'; Build Type 'Release'
OS: 'Windows 10 Pro; OS build 19042.631; Version 2009; 64bit' Language: 'en' Physical Memory: 8101 MB
BatchMode: 1, IsHumanControllingUs: 0, StartBugReporterOnCrash: 0, Is64bit: 1, IsPro: 0

 COMMAND LINE ARGUMENTS:
C:\Program Files\Unity\Hub\Editor\2020.3.9f1\Editor\Unity.exe
-adb2
-batchMode
-noUpm
-name
AssetImportWorker1
-projectPath
C:/Users/Admin/Downloads/TheRoyalGameOfUr3D-master/Ball Gaming Project
-logFile
Logs/AssetImportWorker1.log
-srvPort
65452
Successfully changed project path to: C:/Users/Admin/Downloads/TheRoyalGameOfUr3D-master/Ball Gaming Project
C:/Users/Admin/Downloads/TheRoyalGameOfUr3D-master/Ball Gaming Project
Using Asset Import Pipeline V2.
Refreshing native plugins compatible for Editor in 29.67 ms, found 0 plugins.
Preloading 0 native plugins for Editor in 0.00 ms.
Initialize engine version: 2020.3.9f1 (108be757e447)
[Subsystems] Discovering subsystems at path C:/Program Files/Unity/Hub/Editor/2020.3.9f1/Editor/Data/Resources/UnitySubsystems
[Subsystems] Discovering subsystems at path C:/Users/Admin/Downloads/TheRoyalGameOfUr3D-master/Ball Gaming Project/Assets
GfxDevice: creating device client; threaded=0
Direct3D:
    Version:  Direct3D 11.0 [level 11.1]
    Renderer: NVIDIA GeForce GTX 1650 SUPER (ID=0x2187)
    Vendor:   
    VRAM:     3955 MB
    Driver:   27.21.14.5671
Initialize mono
Mono path[0] = 'C:/Program Files/Unity/Hub/Editor/2020.3.9f1/Editor/Data/Managed'
Mono path[1] = 'C:/Program Files/Unity/Hub/Editor/2020.3.9f1/Editor/Data/MonoBleedingEdge/lib/mono/unityjit'
Mono config path = 'C:/Program Files/Unity/Hub/Editor/2020.3.9f1/Editor/Data/MonoBleedingEdge/etc'
Using monoOptions --debugger-agent=transport=dt_socket,embedding=1,server=y,suspend=n,address=127.0.0.1:56804
Begin MonoManager ReloadAssembly
Registering precompiled unity dll's ...
Register platform support module: C:/Program Files/Unity/Hub/Editor/2020.3.9f1/Editor/Data/PlaybackEngines/WindowsStandaloneSupport/UnityEditor.WindowsStandalone.Extensions.dll
Registered in 0.001104 seconds.
Native extension for WindowsStandalone target not found
Refreshing native plugins compatible for Editor in 27.88 ms, found 0 plugins.
Preloading 0 native plugins for Editor in 0.00 ms.
Mono: successfully reloaded assembly
- Completed reload, in  0.835 seconds
Platform modules already initialized, skipping
Registering precompiled user dll's ...
Registered in 0.000588 seconds.
Begin MonoManager ReloadAssembly
Native extension for WindowsStandalone target not found
Refreshing native plugins compatible for Editor in 0.27 ms, found 0 plugins.
Preloading 0 native plugins for Editor in 0.00 ms.
Mono: successfully reloaded assembly
- Completed reload, in  0.730 seconds
Platform modules already initialized, skipping
========================================================================
Worker process is ready to serve import requests
Launched and connected shader compiler UnityShaderCompiler.exe after 0.20 seconds
Refreshing native plugins compatible for Editor in 0.48 ms, found 0 plugins.
Preloading 0 native plugins for Editor in 0.00 ms.
Unloading 1363 Unused Serialized files (Serialized files now loaded: 0)
System memory in use before: 73.4 MB.
System memory in use after: 73.5 MB.

Unloading 14 unused Assets to reduce memory usage. Loaded Objects now: 1810.
Total: 3.177800 ms (FindLiveObjects: 0.236800 ms CreateObjectMapping: 0.081300 ms MarkObjects: 2.709600 ms  DeleteObjects: 0.147900 ms)

========================================================================
Received Import Request.
  path: Assets/Main Camera Profile.asset
  artifactKey: Guid(a2c5621595413ca4a81d437f1d534aff) Importer(815301076,1909f56bfc062723c751e8b465ee728b)
Start importing Assets/Main Camera Profile.asset using Guid(a2c5621595413ca4a81d437f1d534aff) Importer(815301076,1909f56bfc062723c751e8b465ee728b)  -> (artifact id: '6228b3ccb17a2183499376f8a5ae7753') in 0.172302 seconds
  Import took 0.177942 seconds .

========================================================================
Received Import Request.
  Time since last request: 0.000197 seconds.
  path: Assets/Readme.asset
  artifactKey: Guid(83c2ed844a8c74b779a4c823d16594b1) Importer(815301076,1909f56bfc062723c751e8b465ee728b)
Start importing Assets/Readme.asset using Guid(83c2ed844a8c74b779a4c823d16594b1) Importer(815301076,1909f56bfc062723c751e8b465ee728b)  -> (artifact id: '7354b5bdcad694109f999d8667be3d4b') in 0.008287 seconds
  Import took 0.010658 seconds .

========================================================================
Received Import Request.
  Time since last request: 33.738003 seconds.
  path: Assets/TutorialInfo
  artifactKey: Guid(77c780bf9cd02e441b1de46f397200cf) Importer(815301076,1909f56bfc062723c751e8b465ee728b)
Start importing Assets/TutorialInfo using Guid(77c780bf9cd02e441b1de46f397200cf) Importer(815301076,1909f56bfc062723c751e8b465ee728b)  -> (artifact id: 'edd5a08b6b4a6d27102c4264dd2ae515') in 0.005761 seconds
  Import took 0.008199 seconds .

========================================================================
Received Import Request.
  Time since last request: 0.004168 seconds.
  path: Assets/TutorialInfo
  artifactKey: Guid(77c780bf9cd02e441b1de46f397200cf) Importer(815301076,1909f56bfc062723c751e8b465ee728b)
Start importing Assets/TutorialInfo using Guid(77c780bf9cd02e441b1de46f397200cf) Importer(815301076,1909f56bfc062723c751e8b465ee728b)  -> (artifact id: 'edd5a08b6b4a6d27102c4264dd2ae515') in 0.002001 seconds
  Import took 0.004394 seconds .

========================================================================
Received Import Request.
  Time since last request: 3.335875 seconds.
  path: Assets/TutorialInfo/Scripts
  artifactKey: Guid(a68c269571cfc7a4f8eb6f1f3e384f71) Importer(815301076,1909f56bfc062723c751e8b465ee728b)
Start importing Assets/TutorialInfo/Scripts using Guid(a68c269571cfc7a4f8eb6f1f3e384f71) Importer(815301076,1909f56bfc062723c751e8b465ee728b)  -> (artifact id: '01c91713722c14a6d830ab13eea9ab0a') in 0.009192 seconds
  Import took 0.011879 seconds .

========================================================================
Received Import Request.
  Time since last request: 0.889308 seconds.
  path: Assets/TutorialInfo/Scripts/Editor
  artifactKey: Guid(25c3732bfb3f62945950482e9374e869) Importer(815301076,1909f56bfc062723c751e8b465ee728b)
Start importing Assets/TutorialInfo/Scripts/Editor using Guid(25c3732bfb3f62945950482e9374e869) Importer(815301076,1909f56bfc062723c751e8b465ee728b)  -> (artifact id: '0b2f8dbdf75633d6fdbdada20e962f33') in 0.006312 seconds
  Import took 0.008576 seconds .

========================================================================
Received Import Request.
  Time since last request: 3.514782 seconds.
  path: Assets/EffectExamples/Fire & Explosion Effects
  artifactKey: Guid(9c9c292c9091a7d4fbaf34fdd81b85fc) Importer(815301076,1909f56bfc062723c751e8b465ee728b)
Start importing Assets/EffectExamples/Fire & Explosion Effects using Guid(9c9c292c9091a7d4fbaf34fdd81b85fc) Importer(815301076,1909f56bfc062723c751e8b465ee728b)  -> (artifact id: '69fb5e8d844e7fc89a2aa22f6ab447a5') in 0.008481 seconds
  Import took 0.010873 seconds .

========================================================================
Received Import Request.
  Time since last request: 0.001069 seconds.
  path: Assets/EffectExamples/Fire & Explosion Effects
  artifactKey: Guid(9c9c292c9091a7d4fbaf34fdd81b85fc) Importer(815301076,1909f56bfc062723c751e8b465ee728b)
Start importing Assets/EffectExamples/Fire & Explosion Effects using Guid(9c9c292c9091a7d4fbaf34fdd81b85fc) Importer(815301076,1909f56bfc062723c751e8b465ee728b)  -> (artifact id: '69fb5e8d844e7fc89a2aa22f6ab447a5') in 0.001945 seconds
  Import took 0.004467 seconds .

========================================================================
Received Import Request.
  Time since last request: 3.229287 seconds.
  path: Assets/EffectExamples/Goop Effects
  artifactKey: Guid(96a4fd4c27ed4214f905c521891b2c87) Importer(815301076,1909f56bfc062723c751e8b465ee728b)
Start importing Assets/EffectExamples/Goop Effects using Guid(96a4fd4c27ed4214f905c521891b2c87) Importer(815301076,1909f56bfc062723c751e8b465ee728b)  -> (artifact id: 'b9691bc7a45bbcecfe9f6039e79e4c1d') in 0.006285 seconds
  Import took 0.008623 seconds .

========================================================================
Received Import Request.
  Time since last request: 0.001561 seconds.
  path: Assets/EffectExamples/Goop Effects
  artifactKey: Guid(96a4fd4c27ed4214f905c521891b2c87) Importer(815301076,1909f56bfc062723c751e8b465ee728b)
Start importing Assets/EffectExamples/Goop Effects using Guid(96a4fd4c27ed4214f905c521891b2c87) Importer(815301076,1909f56bfc062723c751e8b465ee728b)  -> (artifact id: 'b9691bc7a45bbcecfe9f6039e79e4c1d') in 0.001981 seconds
  Import took 0.004492 seconds .

========================================================================
Received Import Request.
  Time since last request: 1.741774 seconds.
  path: Assets/EffectExamples/Goop Effects/Prefabs
  artifactKey: Guid(81fe257bbe1f3de4d8993c136ed6c362) Importer(815301076,1909f56bfc062723c751e8b465ee728b)
Start importing Assets/EffectExamples/Goop Effects/Prefabs using Guid(81fe257bbe1f3de4d8993c136ed6c362) Importer(815301076,1909f56bfc062723c751e8b465ee728b)  -> (artifact id: '8a17fe8314853002964c8384decdc2e9') in 0.005648 seconds
  Import took 0.008065 seconds .

========================================================================
Received Import Request.
  Time since last request: 0.004545 seconds.
  path: Assets/EffectExamples/Goop Effects/Prefabs
  artifactKey: Guid(81fe257bbe1f3de4d8993c136ed6c362) Importer(815301076,1909f56bfc062723c751e8b465ee728b)
Start importing Assets/EffectExamples/Goop Effects/Prefabs using Guid(81fe257bbe1f3de4d8993c136ed6c362) Importer(815301076,1909f56bfc062723c751e8b465ee728b)  -> (artifact id: '8a17fe8314853002964c8384decdc2e9') in 0.002025 seconds
  Import took 0.004433 seconds .

========================================================================
Received Import Request.
  Time since last request: 0.046918 seconds.
  path: Assets/EffectExamples/Goop Effects/Prefabs/GoopSpray.prefab
  artifactKey: Guid(5656e7ea1f1a75d4c895547ec2b824b3) Importer(815301076,1909f56bfc062723c751e8b465ee728b)
Start importing Assets/EffectExamples/Goop Effects/Prefabs/GoopSpray.prefab using Guid(5656e7ea1f1a75d4c895547ec2b824b3) Importer(815301076,1909f56bfc062723c751e8b465ee728b)  -> (artifact id: '81e8c2ef873e6f650c78640d03ee3736') in 0.019031 seconds
  Import took 0.021397 seconds .

========================================================================
Received Import Request.
  Time since last request: 0.000265 seconds.
  path: Assets/EffectExamples/Goop Effects/Prefabs/GoopStreamEffect.prefab
  artifactKey: Guid(a3768c8a9d1b90d4bb0eb0e4bdbe730c) Importer(815301076,1909f56bfc062723c751e8b465ee728b)
Start importing Assets/EffectExamples/Goop Effects/Prefabs/GoopStreamEffect.prefab using Guid(a3768c8a9d1b90d4bb0eb0e4bdbe730c) Importer(815301076,1909f56bfc062723c751e8b465ee728b)  -> (artifact id: 'ff40a93ccd0a9c7dcbbea6f839f1b0df') in 0.007880 seconds
  Import took 0.010379 seconds .

========================================================================
Received Import Request.
  Time since last request: 0.000264 seconds.
  path: Assets/EffectExamples/Goop Effects/Prefabs/GoopSprayEffect.prefab
  artifactKey: Guid(abb9f519b142e304d9c45b56afa768bc) Importer(815301076,1909f56bfc062723c751e8b465ee728b)
Start importing Assets/EffectExamples/Goop Effects/Prefabs/GoopSprayEffect.prefab using Guid(abb9f519b142e304d9c45b56afa768bc) Importer(815301076,1909f56bfc062723c751e8b465ee728b)  -> (artifact id: 'ba9b9ec09c287de7459d15c28c6ff49e') in 0.007019 seconds
  Import took 0.009784 seconds .

========================================================================
Received Import Request.
  Time since last request: 3.112684 seconds.
  path: Assets/EffectExamples/Goop Effects/Materials/GoopStreamParticle.mat
  artifactKey: Guid(fb0a006be807eac48a87ffa79b3330a5) Importer(815301076,1909f56bfc062723c751e8b465ee728b)
Start importing Assets/EffectExamples/Goop Effects/Materials/GoopStreamParticle.mat using Guid(fb0a006be807eac48a87ffa79b3330a5) Importer(815301076,1909f56bfc062723c751e8b465ee728b)  -> (artifact id: '92a5b528cecb653d4216a1bd1a7031be') in 2.957331 seconds
  Import took 2.960820 seconds .

========================================================================
Received Import Request.
  Time since last request: 15.424255 seconds.
  path: Assets/EffectExamples/Goop Effects/Materials/GoopPoolParticle.mat
  artifactKey: Guid(95be4df36eca6eb4b821dcab4acd4a1e) Importer(815301076,1909f56bfc062723c751e8b465ee728b)
Start importing Assets/EffectExamples/Goop Effects/Materials/GoopPoolParticle.mat using Guid(95be4df36eca6eb4b821dcab4acd4a1e) Importer(815301076,1909f56bfc062723c751e8b465ee728b)  -> (artifact id: 'cb7a8fe8c62041865e15594d3df7cf63') in 1.395786 seconds
  Import took 1.398571 seconds .

========================================================================
Received Import Request.
  Time since last request: 0.000229 seconds.
  path: Assets/EffectExamples/Goop Effects/Materials/GoopSplatParticle.mat
  artifactKey: Guid(3ea2e59d181ffce4e97d5d1d07a22c05) Importer(815301076,1909f56bfc062723c751e8b465ee728b)
Start importing Assets/EffectExamples/Goop Effects/Materials/GoopSplatParticle.mat using Guid(3ea2e59d181ffce4e97d5d1d07a22c05) Importer(815301076,1909f56bfc062723c751e8b465ee728b)  -> (artifact id: '24c3431255d2c5a871b9396139342699') in 0.014185 seconds
  Import took 0.016394 seconds .

========================================================================
Received Import Request.
  Time since last request: 0.000191 seconds.
  path: Assets/EffectExamples/Goop Effects/Materials/GoopSplashParticle.mat
  artifactKey: Guid(6f3ee23817d2bd74681209e519f72618) Importer(815301076,1909f56bfc062723c751e8b465ee728b)
Start importing Assets/EffectExamples/Goop Effects/Materials/GoopSplashParticle.mat using Guid(6f3ee23817d2bd74681209e519f72618) Importer(815301076,1909f56bfc062723c751e8b465ee728b)  -> (artifact id: 'e31208c00144f2c67fcfd31a549374e3') in 0.031090 seconds
  Import took 0.033893 seconds .

========================================================================
Received Import Request.
  Time since last request: 8.696877 seconds.
  path: Assets/EffectExamples/Goop Effects/Textures/GoopDropAlbedo.tif
  artifactKey: Guid(fd9fde9ce6505d546952963a514b1909) Importer(815301076,1909f56bfc062723c751e8b465ee728b)
Start importing Assets/EffectExamples/Goop Effects/Textures/GoopDropAlbedo.tif using Guid(fd9fde9ce6505d546952963a514b1909) Importer(815301076,1909f56bfc062723c751e8b465ee728b)  -> (artifact id: '6c2a80811c0c738d632e493000209795') in 0.025542 seconds
  Import took 0.028007 seconds .

========================================================================
Received Import Request.
  Time since last request: 0.000254 seconds.
  path: Assets/EffectExamples/Goop Effects/Textures/SplatAlbedo.tif
  artifactKey: Guid(ae135187004ec2c48b1f854b75e11a0f) Importer(815301076,1909f56bfc062723c751e8b465ee728b)
Start importing Assets/EffectExamples/Goop Effects/Textures/SplatAlbedo.tif using Guid(ae135187004ec2c48b1f854b75e11a0f) Importer(815301076,1909f56bfc062723c751e8b465ee728b)  -> (artifact id: '44ab1484b1c7e687a68d34dfbc786397') in 0.013379 seconds
  Import took 0.016050 seconds .

========================================================================
Received Import Request.
  Time since last request: 0.000228 seconds.
  path: Assets/EffectExamples/Goop Effects/Textures/GoopDropNormals.tif
  artifactKey: Guid(e2e48048625d63c41a7219b81562326d) Importer(815301076,1909f56bfc062723c751e8b465ee728b)
Start importing Assets/EffectExamples/Goop Effects/Textures/GoopDropNormals.tif using Guid(e2e48048625d63c41a7219b81562326d) Importer(815301076,1909f56bfc062723c751e8b465ee728b)  -> (artifact id: '214ae8019819a24eff3ef3eb6b6242f7') in 0.021800 seconds
  Import took 0.024235 seconds .

========================================================================
Received Import Request.
  Time since last request: 0.000196 seconds.
  path: Assets/EffectExamples/Goop Effects/Textures/GoopSprayAlbedo.tif
  artifactKey: Guid(12595500d23505f44876c2e13f2e0352) Importer(815301076,1909f56bfc062723c751e8b465ee728b)
Start importing Assets/EffectExamples/Goop Effects/Textures/GoopSprayAlbedo.tif using Guid(12595500d23505f44876c2e13f2e0352) Importer(815301076,1909f56bfc062723c751e8b465ee728b)  -> (artifact id: '15fb22605270a177d2d7e23fb1477e19') in 0.013257 seconds
  Import took 0.016078 seconds .

========================================================================
Received Import Request.
  Time since last request: 0.000252 seconds.
  path: Assets/EffectExamples/Goop Effects/Textures/GoopSprayNormals.tif
  artifactKey: Guid(d3d3954ad53568b49b1fda6366f2b5ee) Importer(815301076,1909f56bfc062723c751e8b465ee728b)
Start importing Assets/EffectExamples/Goop Effects/Textures/GoopSprayNormals.tif using Guid(d3d3954ad53568b49b1fda6366f2b5ee) Importer(815301076,1909f56bfc062723c751e8b465ee728b)  -> (artifact id: '832cf9741200cf39bd91d7179dbf554e') in 0.014523 seconds
  Import took 0.017620 seconds .

========================================================================
Received Import Request.
  Time since last request: 0.000239 seconds.
  path: Assets/EffectExamples/Goop Effects/Textures/GoopStreamAlbedo.tif
  artifactKey: Guid(1a55072e908ebe74e962a97efbc17416) Importer(815301076,1909f56bfc062723c751e8b465ee728b)
Start importing Assets/EffectExamples/Goop Effects/Textures/GoopStreamAlbedo.tif using Guid(1a55072e908ebe74e962a97efbc17416) Importer(815301076,1909f56bfc062723c751e8b465ee728b)  -> (artifact id: 'b3be4206ed55458007dead966c9e200c') in 0.012815 seconds
  Import took 0.015296 seconds .

========================================================================
Received Import Request.
  Time since last request: 0.000240 seconds.
  path: Assets/EffectExamples/Goop Effects/Textures/GoopPoolAlbedo.tif
  artifactKey: Guid(b4e688a60e266c340b1f84c510a4c102) Importer(815301076,1909f56bfc062723c751e8b465ee728b)
Start importing Assets/EffectExamples/Goop Effects/Textures/GoopPoolAlbedo.tif using Guid(b4e688a60e266c340b1f84c510a4c102) Importer(815301076,1909f56bfc062723c751e8b465ee728b)  -> (artifact id: 'c208c89eb13693ba1726e1c3c5eccdae') in 0.016875 seconds
  Import took 0.020074 seconds .

========================================================================
Received Import Request.
  Time since last request: 0.000168 seconds.
  path: Assets/EffectExamples/Goop Effects/Textures/GoopPoolNormals.tif
  artifactKey: Guid(969a5ea5264ae2e4cb261f0dfbdb7877) Importer(815301076,1909f56bfc062723c751e8b465ee728b)
Start importing Assets/EffectExamples/Goop Effects/Textures/GoopPoolNormals.tif using Guid(969a5ea5264ae2e4cb261f0dfbdb7877) Importer(815301076,1909f56bfc062723c751e8b465ee728b)  -> (artifact id: '7fae50b3ae3afcd6a6df2e2fbf58b1bb') in 0.011155 seconds
  Import took 0.013938 seconds .

========================================================================
Received Import Request.
  Time since last request: 0.708026 seconds.
  path: Assets/EffectExamples/Magic Effects/Materials/EarthCrack.mat
  artifactKey: Guid(1f6abb4fa65207247b856825feae3e68) Importer(815301076,1909f56bfc062723c751e8b465ee728b)
Start importing Assets/EffectExamples/Magic Effects/Materials/EarthCrack.mat using Guid(1f6abb4fa65207247b856825feae3e68) Importer(815301076,1909f56bfc062723c751e8b465ee728b)  -> (artifact id: 'fabdfb76129d9c79cd3ddf700fa529e4') in 0.032850 seconds
  Import took 0.035752 seconds .

========================================================================
Received Import Request.
  Time since last request: 0.000154 seconds.
  path: Assets/EffectExamples/Magic Effects/Materials/Ice.mat
  artifactKey: Guid(e8a7db8bb30ba7846922a11cebbe1a2f) Importer(815301076,1909f56bfc062723c751e8b465ee728b)
Start importing Assets/EffectExamples/Magic Effects/Materials/Ice.mat using Guid(e8a7db8bb30ba7846922a11cebbe1a2f) Importer(815301076,1909f56bfc062723c751e8b465ee728b)  -> (artifact id: '64b4abaec0f0699bfcb0ea57d60cbf36') in 0.398216 seconds
  Import took 0.400563 seconds .

========================================================================
Received Import Request.
  Time since last request: 0.000178 seconds.
  path: Assets/EffectExamples/Magic Effects/Materials/RockSpike.mat
  artifactKey: Guid(2c420724f5bf46241bc8d1d616c65653) Importer(815301076,1909f56bfc062723c751e8b465ee728b)
Start importing Assets/EffectExamples/Magic Effects/Materials/RockSpike.mat using Guid(2c420724f5bf46241bc8d1d616c65653) Importer(815301076,1909f56bfc062723c751e8b465ee728b)  -> (artifact id: 'd92168134073addf4e04ef23d6e14510') in 1.264433 seconds
  Import took 1.266974 seconds .

========================================================================
Received Import Request.
  Time since last request: 0.000177 seconds.
  path: Assets/EffectExamples/Magic Effects/Materials/RockDust.mat
  artifactKey: Guid(7f74562c360a75d468cce8ccff3d595f) Importer(815301076,1909f56bfc062723c751e8b465ee728b)
Start importing Assets/EffectExamples/Magic Effects/Materials/RockDust.mat using Guid(7f74562c360a75d468cce8ccff3d595f) Importer(815301076,1909f56bfc062723c751e8b465ee728b)  -> (artifact id: '3ed1eee0e19ede74bd56f6e7c35d599a') in 0.236323 seconds
  Import took 0.238510 seconds .

========================================================================
Received Import Request.
  Time since last request: 0.000244 seconds.
  path: Assets/EffectExamples/Magic Effects/Materials/Fireball.mat
  artifactKey: Guid(a74b8e4e831053c46943378279c70e96) Importer(815301076,1909f56bfc062723c751e8b465ee728b)
Start importing Assets/EffectExamples/Magic Effects/Materials/Fireball.mat using Guid(a74b8e4e831053c46943378279c70e96) Importer(815301076,1909f56bfc062723c751e8b465ee728b)  -> (artifact id: 'ef414efeb9b0eca8edb01a2788df38f4') in 0.115165 seconds
  Import took 0.117273 seconds .

========================================================================
Received Import Request.
  Time since last request: 0.000231 seconds.
  path: Assets/EffectExamples/Magic Effects/Materials/Embers.mat
  artifactKey: Guid(c5de4a4e91ddb59479cdec033c43cc3b) Importer(815301076,1909f56bfc062723c751e8b465ee728b)
Start importing Assets/EffectExamples/Magic Effects/Materials/Embers.mat using Guid(c5de4a4e91ddb59479cdec033c43cc3b) Importer(815301076,1909f56bfc062723c751e8b465ee728b)  -> (artifact id: '8a208b69d98f2d05eebce0b305d228fd') in 0.042199 seconds
  Import took 0.044414 seconds .

========================================================================
Received Import Request.
  Time since last request: 0.000152 seconds.
  path: Assets/EffectExamples/Magic Effects/Materials/IceTrail.mat
  artifactKey: Guid(d4c406b5d941319458ddccf4b6f76be3) Importer(815301076,1909f56bfc062723c751e8b465ee728b)
Start importing Assets/EffectExamples/Magic Effects/Materials/IceTrail.mat using Guid(d4c406b5d941319458ddccf4b6f76be3) Importer(815301076,1909f56bfc062723c751e8b465ee728b)  -> (artifact id: '6a5b7c53fa3b0317cdfcc0b87f951ec9') in 0.011177 seconds
  Import took 0.013702 seconds .

========================================================================
Received Import Request.
  Time since last request: 0.000166 seconds.
  path: Assets/EffectExamples/Magic Effects/Materials/IceMist.mat
  artifactKey: Guid(c32a9cac58b398741add6365fbc2e883) Importer(815301076,1909f56bfc062723c751e8b465ee728b)
Start importing Assets/EffectExamples/Magic Effects/Materials/IceMist.mat using Guid(c32a9cac58b398741add6365fbc2e883) Importer(815301076,1909f56bfc062723c751e8b465ee728b)  -> (artifact id: '645d8cb21257759444c4c2f7fde65432') in 0.013306 seconds
  Import took 0.016041 seconds .

========================================================================
Received Import Request.
  Time since last request: 1.783972 seconds.
  path: Assets/EffectExamples/Magic Effects/Models/IceLance.FBX
  artifactKey: Guid(735d1d1e5a1d1934589aa44da6a7ea75) Importer(815301076,1909f56bfc062723c751e8b465ee728b)
Start importing Assets/EffectExamples/Magic Effects/Models/IceLance.FBX using Guid(735d1d1e5a1d1934589aa44da6a7ea75) Importer(815301076,1909f56bfc062723c751e8b465ee728b)  -> (artifact id: 'abdfed68677c5cc7eef1a9d407997bf9') in 0.140919 seconds
  Import took 0.143408 seconds .

========================================================================
Received Import Request.
  Time since last request: 0.000179 seconds.
  path: Assets/EffectExamples/Magic Effects/Models/RockDebris.FBX
  artifactKey: Guid(88b9906b4442aa2448a9379fa0d1b987) Importer(815301076,1909f56bfc062723c751e8b465ee728b)
Start importing Assets/EffectExamples/Magic Effects/Models/RockDebris.FBX using Guid(88b9906b4442aa2448a9379fa0d1b987) Importer(815301076,1909f56bfc062723c751e8b465ee728b)  -> (artifact id: '8f5b3766dff50dacc9c5de8389231431') in 0.021949 seconds
  Import took 0.024493 seconds .

========================================================================
Received Import Request.
  Time since last request: 0.000225 seconds.
  path: Assets/EffectExamples/Magic Effects/Models/IceShard.FBX
  artifactKey: Guid(a7ca52bcb825d7044a8afdfd569507c9) Importer(815301076,1909f56bfc062723c751e8b465ee728b)
Start importing Assets/EffectExamples/Magic Effects/Models/IceShard.FBX using Guid(a7ca52bcb825d7044a8afdfd569507c9) Importer(815301076,1909f56bfc062723c751e8b465ee728b)  -> (artifact id: 'ef46f6881a61073d4fc75f3e236de45b') in 0.055644 seconds
  Import took 0.057916 seconds .

========================================================================
Received Import Request.
  Time since last request: 0.000253 seconds.
  path: Assets/EffectExamples/Magic Effects/Models/RockSpike.FBX
  artifactKey: Guid(b8ba9cfb9857cfb47a50aeba9dbce801) Importer(815301076,1909f56bfc062723c751e8b465ee728b)
Start importing Assets/EffectExamples/Magic Effects/Models/RockSpike.FBX using Guid(b8ba9cfb9857cfb47a50aeba9dbce801) Importer(815301076,1909f56bfc062723c751e8b465ee728b)  -> (artifact id: '0cfd443aada55ee4e70d894f8b191d52') in 0.032267 seconds
  Import took 0.034775 seconds .

========================================================================
Received Import Request.
  Time since last request: 0.001001 seconds.
  path: Assets/EffectExamples/Magic Effects/Models/RockSpike.FBX
  artifactKey: Guid(b8ba9cfb9857cfb47a50aeba9dbce801) Importer(815301076,1909f56bfc062723c751e8b465ee728b)
Start importing Assets/EffectExamples/Magic Effects/Models/RockSpike.FBX using Guid(b8ba9cfb9857cfb47a50aeba9dbce801) Importer(815301076,1909f56bfc062723c751e8b465ee728b)  -> (artifact id: '0cfd443aada55ee4e70d894f8b191d52') in 0.029860 seconds
  Import took 0.032530 seconds .

========================================================================
Received Import Request.
  Time since last request: 27.203940 seconds.
  path: Assets/EffectExamples/Magic Effects/Prefabs/EarthShatter.prefab
  artifactKey: Guid(32c9fd11a72259d45aa26ae41c34c5aa) Importer(815301076,1909f56bfc062723c751e8b465ee728b)
Start importing Assets/EffectExamples/Magic Effects/Prefabs/EarthShatter.prefab using Guid(32c9fd11a72259d45aa26ae41c34c5aa) Importer(815301076,1909f56bfc062723c751e8b465ee728b)  -> (artifact id: 'e64fae2cee05cf04175e558a2350d1db') in 0.010384 seconds
  Import took 0.014053 seconds .

========================================================================
Received Import Request.
  Time since last request: 0.000256 seconds.
  path: Assets/EffectExamples/Magic Effects/Prefabs/IceLance.prefab
  artifactKey: Guid(1a1c02facd51d87458dcaa3a761e2c03) Importer(815301076,1909f56bfc062723c751e8b465ee728b)
Start importing Assets/EffectExamples/Magic Effects/Prefabs/IceLance.prefab using Guid(1a1c02facd51d87458dcaa3a761e2c03) Importer(815301076,1909f56bfc062723c751e8b465ee728b)  -> (artifact id: '33891b8955765409d5911ceb1246bd89') in 0.024121 seconds
  Import took 0.026863 seconds .

========================================================================
Received Import Request.
  Time since last request: 2.494411 seconds.
  path: Assets/EffectExamples/Magic Effects/Textures/DustPuffSmall.png
  artifactKey: Guid(a547fca3b7d596c4d9bcb07a747ec5ee) Importer(815301076,1909f56bfc062723c751e8b465ee728b)
Start importing Assets/EffectExamples/Magic Effects/Textures/DustPuffSmall.png using Guid(a547fca3b7d596c4d9bcb07a747ec5ee) Importer(815301076,1909f56bfc062723c751e8b465ee728b)  -> (artifact id: '5ada10182d2bb215b0ad346a502547d3') in 0.040388 seconds
  Import took 0.043235 seconds .

========================================================================
Received Import Request.
  Time since last request: 0.000195 seconds.
  path: Assets/EffectExamples/Magic Effects/Textures/IceCurvature.tif
  artifactKey: Guid(8bd3845bbbeebd04b8a19ee995137147) Importer(815301076,1909f56bfc062723c751e8b465ee728b)
Start importing Assets/EffectExamples/Magic Effects/Textures/IceCurvature.tif using Guid(8bd3845bbbeebd04b8a19ee995137147) Importer(815301076,1909f56bfc062723c751e8b465ee728b)  -> (artifact id: '58c838bab385bbb5eb81b7e2ad78f3ec') in 0.012905 seconds
  Import took 0.015199 seconds .

========================================================================
Received Import Request.
  Time since last request: 0.000229 seconds.
  path: Assets/EffectExamples/Magic Effects/Textures/SmokePuff02.png
  artifactKey: Guid(577c1423813e21143b40ba6f80bbde2a) Importer(815301076,1909f56bfc062723c751e8b465ee728b)
Start importing Assets/EffectExamples/Magic Effects/Textures/SmokePuff02.png using Guid(577c1423813e21143b40ba6f80bbde2a) Importer(815301076,1909f56bfc062723c751e8b465ee728b)  -> (artifact id: 'be2e0ba44f5d692157a1e5c0d6fd8b5e') in 0.024219 seconds
  Import took 0.026778 seconds .

========================================================================
Received Import Request.
  Time since last request: 0.000376 seconds.
  path: Assets/EffectExamples/Magic Effects/Textures/Ramp02.png
  artifactKey: Guid(26534f2d5894add499249fc1b8373a24) Importer(815301076,1909f56bfc062723c751e8b465ee728b)
Start importing Assets/EffectExamples/Magic Effects/Textures/Ramp02.png using Guid(26534f2d5894add499249fc1b8373a24) Importer(815301076,1909f56bfc062723c751e8b465ee728b)  -> (artifact id: '2cd401307ac1b8086ea04a44fc1d21e8') in 0.011835 seconds
  Import took 0.015248 seconds .

========================================================================
Received Import Request.
  Time since last request: 0.000226 seconds.
  path: Assets/EffectExamples/Magic Effects/Textures/EarthCrackAlbedo.tif
  artifactKey: Guid(8127d72dd65a1454082d10767b2fcad4) Importer(815301076,1909f56bfc062723c751e8b465ee728b)
Start importing Assets/EffectExamples/Magic Effects/Textures/EarthCrackAlbedo.tif using Guid(8127d72dd65a1454082d10767b2fcad4) Importer(815301076,1909f56bfc062723c751e8b465ee728b)  -> (artifact id: 'dced432aac82dff3bfc82f6096680be4') in 0.011119 seconds
  Import took 0.013703 seconds .

========================================================================
Received Import Request.
  Time since last request: 0.000239 seconds.
  path: Assets/EffectExamples/Magic Effects/Textures/Ramp03.png
  artifactKey: Guid(02893ea4ea3a2be419d65586df89bcf3) Importer(815301076,1909f56bfc062723c751e8b465ee728b)
Start importing Assets/EffectExamples/Magic Effects/Textures/Ramp03.png using Guid(02893ea4ea3a2be419d65586df89bcf3) Importer(815301076,1909f56bfc062723c751e8b465ee728b)  -> (artifact id: '8f128f34b4ba31a48031042a18ee1cc0') in 0.009322 seconds
  Import took 0.011502 seconds .

========================================================================
Received Import Request.
  Time since last request: 0.000232 seconds.
  path: Assets/EffectExamples/Magic Effects/Textures/Ramp01.png
  artifactKey: Guid(71187563f01d2654d96d736a7c082f68) Importer(815301076,1909f56bfc062723c751e8b465ee728b)
Start importing Assets/EffectExamples/Magic Effects/Textures/Ramp01.png using Guid(71187563f01d2654d96d736a7c082f68) Importer(815301076,1909f56bfc062723c751e8b465ee728b)  -> (artifact id: 'eee956ffb26e72641895c58d6d2c9134') in 0.009537 seconds
  Import took 0.012105 seconds .

========================================================================
Received Import Request.
  Time since last request: 0.000185 seconds.
  path: Assets/EffectExamples/Magic Effects/Textures/RockNormal.tga
  artifactKey: Guid(ceb93779c4493e346946ea2579d51f74) Importer(815301076,1909f56bfc062723c751e8b465ee728b)
Start importing Assets/EffectExamples/Magic Effects/Textures/RockNormal.tga using Guid(ceb93779c4493e346946ea2579d51f74) Importer(815301076,1909f56bfc062723c751e8b465ee728b)  -> (artifact id: '3c3eb1f1a007f7eb3b5a8418ceb66d85') in 0.016317 seconds
  Import took 0.018614 seconds .

========================================================================
Received Import Request.
  Time since last request: 0.000163 seconds.
  path: Assets/EffectExamples/Magic Effects/Textures/RocksSpecGloss.tga
  artifactKey: Guid(02deeccf62fee5e4e9a92d72eb2fd421) Importer(815301076,1909f56bfc062723c751e8b465ee728b)
Start importing Assets/EffectExamples/Magic Effects/Textures/RocksSpecGloss.tga using Guid(02deeccf62fee5e4e9a92d72eb2fd421) Importer(815301076,1909f56bfc062723c751e8b465ee728b)  -> (artifact id: '65abc5df973af8f099f1cc0cac2237be') in 0.009158 seconds
  Import took 0.011612 seconds .

========================================================================
Received Import Request.
  Time since last request: 0.000187 seconds.
  path: Assets/EffectExamples/Magic Effects/Textures/RocksAlbedo.tga
  artifactKey: Guid(99f701799de29b144b56bd497c187078) Importer(815301076,1909f56bfc062723c751e8b465ee728b)
Start importing Assets/EffectExamples/Magic Effects/Textures/RocksAlbedo.tga using Guid(99f701799de29b144b56bd497c187078) Importer(815301076,1909f56bfc062723c751e8b465ee728b)  -> (artifact id: 'ed2b3ba91b7eafd76b35ec74c892b611') in 0.011659 seconds
  Import took 0.014171 seconds .

========================================================================
Received Import Request.
  Time since last request: 0.000207 seconds.
  path: Assets/EffectExamples/Magic Effects/Textures/RocksAlbedoEmissive.tif
  artifactKey: Guid(5ecc6bda157267e498a3ff1d4fff6af8) Importer(815301076,1909f56bfc062723c751e8b465ee728b)
Start importing Assets/EffectExamples/Magic Effects/Textures/RocksAlbedoEmissive.tif using Guid(5ecc6bda157267e498a3ff1d4fff6af8) Importer(815301076,1909f56bfc062723c751e8b465ee728b)  -> (artifact id: '6f9014acab09a178ad064f5ce84bddb7') in 0.010219 seconds
  Import took 0.012926 seconds .

========================================================================
Received Import Request.
  Time since last request: 0.000197 seconds.
  path: Assets/EffectExamples/Magic Effects/Textures/IceNormals.tif
  artifactKey: Guid(78e71b9e097c52e4cba00d81ed4dbe74) Importer(815301076,1909f56bfc062723c751e8b465ee728b)
Start importing Assets/EffectExamples/Magic Effects/Textures/IceNormals.tif using Guid(78e71b9e097c52e4cba00d81ed4dbe74) Importer(815301076,1909f56bfc062723c751e8b465ee728b)  -> (artifact id: '5694e0cac106213c8221677aae4d52c7') in 0.011984 seconds
  Import took 0.014443 seconds .

========================================================================
Received Import Request.
  Time since last request: 0.000199 seconds.
  path: Assets/EffectExamples/Magic Effects/Textures/EarthCrackEmissive.tif
  artifactKey: Guid(77c621fe6d401b943993b4d3131e17a1) Importer(815301076,1909f56bfc062723c751e8b465ee728b)
Start importing Assets/EffectExamples/Magic Effects/Textures/EarthCrackEmissive.tif using Guid(77c621fe6d401b943993b4d3131e17a1) Importer(815301076,1909f56bfc062723c751e8b465ee728b)  -> (artifact id: '1166833bbc98f14004c53a7b3e7f1cce') in 0.009958 seconds
  Import took 0.012541 seconds .

========================================================================
Received Import Request.
  Time since last request: 0.000169 seconds.
  path: Assets/EffectExamples/Magic Effects/Textures/EarthCrackNormal.tif
  artifactKey: Guid(8af32bd080d13b44d8045a88019902ed) Importer(815301076,1909f56bfc062723c751e8b465ee728b)
Start importing Assets/EffectExamples/Magic Effects/Textures/EarthCrackNormal.tif using Guid(8af32bd080d13b44d8045a88019902ed) Importer(815301076,1909f56bfc062723c751e8b465ee728b)  -> (artifact id: '1ca3d93e35bc73009e96785987634684') in 0.011486 seconds
  Import took 0.014043 seconds .

========================================================================
Received Import Request.
  Time since last request: 0.000197 seconds.
  path: Assets/EffectExamples/Magic Effects/Textures/FireBallEmission.tif
  artifactKey: Guid(c9ebd39724ed1d64b834086a80602180) Importer(815301076,1909f56bfc062723c751e8b465ee728b)
Start importing Assets/EffectExamples/Magic Effects/Textures/FireBallEmission.tif using Guid(c9ebd39724ed1d64b834086a80602180) Importer(815301076,1909f56bfc062723c751e8b465ee728b)  -> (artifact id: '814480852f0ae16f887fe4e7163bf90d') in 0.011114 seconds
  Import took 0.013556 seconds .

========================================================================
Received Import Request.
  Time since last request: 0.000193 seconds.
  path: Assets/EffectExamples/Magic Effects/Textures/Fireball.tif
  artifactKey: Guid(c4fffbf9a10f3d64f978d4912150f3f1) Importer(815301076,1909f56bfc062723c751e8b465ee728b)
Start importing Assets/EffectExamples/Magic Effects/Textures/Fireball.tif using Guid(c4fffbf9a10f3d64f978d4912150f3f1) Importer(815301076,1909f56bfc062723c751e8b465ee728b)  -> (artifact id: '944fe0d17c9844416a19fedc4d43e12e') in 0.013310 seconds
  Import took 0.015699 seconds .

========================================================================
Received Import Request.
  Time since last request: 7.489820 seconds.
  path: Assets/TutorialInfo/Icons
  artifactKey: Guid(ea3f8a5af04da1a44ad701276326a1d6) Importer(815301076,1909f56bfc062723c751e8b465ee728b)
Start importing Assets/TutorialInfo/Icons using Guid(ea3f8a5af04da1a44ad701276326a1d6) Importer(815301076,1909f56bfc062723c751e8b465ee728b)  -> (artifact id: 'ae8aaaab945eb49404e9a82656716bb9') in 0.006182 seconds
  Import took 0.008598 seconds .

========================================================================
Received Import Request.
  Time since last request: 0.048931 seconds.
  path: Assets/TutorialInfo/Icons/Help_Icon.png
  artifactKey: Guid(a186f8a87ca4f4d3aa864638ad5dfb65) Importer(815301076,1909f56bfc062723c751e8b465ee728b)
Start importing Assets/TutorialInfo/Icons/Help_Icon.png using Guid(a186f8a87ca4f4d3aa864638ad5dfb65) Importer(815301076,1909f56bfc062723c751e8b465ee728b)  -> (artifact id: '77f5496436740d895da50d52e31a9920') in 0.009399 seconds
  Import took 0.011959 seconds .

========================================================================
Received Import Request.
  Time since last request: 0.000252 seconds.
  path: Assets/TutorialInfo/Icons/ReadmeLogo.png
  artifactKey: Guid(cfa6d60f1f958ba46a105ca98716c259) Importer(815301076,1909f56bfc062723c751e8b465ee728b)
Start importing Assets/TutorialInfo/Icons/ReadmeLogo.png using Guid(cfa6d60f1f958ba46a105ca98716c259) Importer(815301076,1909f56bfc062723c751e8b465ee728b)  -> (artifact id: '24e3a402edaa6f1408a14de9706dec46') in 0.012717 seconds
  Import took 0.015411 seconds .

========================================================================
Received Import Request.
  Time since last request: 11.488195 seconds.
  path: Assets/TutorialInfo/Scripts/Editor/ReadmeEditor.cs
  artifactKey: Guid(476cc7d7cd9874016adc216baab94a0a) Importer(815301076,1909f56bfc062723c751e8b465ee728b)
Start importing Assets/TutorialInfo/Scripts/Editor/ReadmeEditor.cs using Guid(476cc7d7cd9874016adc216baab94a0a) Importer(815301076,1909f56bfc062723c751e8b465ee728b)  -> (artifact id: 'f36a1292aee4dc108bd2660891b7db3a') in 0.027985 seconds
  Import took 0.031124 seconds .

========================================================================
Received Import Request.
  Time since last request: 5.436369 seconds.
  path: Assets/TutorialInfo/Scripts/Readme.cs
  artifactKey: Guid(fcf7219bab7fe46a1ad266029b2fee19) Importer(815301076,1909f56bfc062723c751e8b465ee728b)
Start importing Assets/TutorialInfo/Scripts/Readme.cs using Guid(fcf7219bab7fe46a1ad266029b2fee19) Importer(815301076,1909f56bfc062723c751e8b465ee728b)  -> (artifact id: 'd67c52f8ec24d3ef1a51a059dcf1ea34') in 0.001978 seconds
  Import took 0.004889 seconds .

========================================================================
Received Import Request.
  Time since last request: 0.002663 seconds.
  path: Assets/TutorialInfo/Scripts/Readme.cs
  artifactKey: Guid(fcf7219bab7fe46a1ad266029b2fee19) Importer(815301076,1909f56bfc062723c751e8b465ee728b)
Start importing Assets/TutorialInfo/Scripts/Readme.cs using Guid(fcf7219bab7fe46a1ad266029b2fee19) Importer(815301076,1909f56bfc062723c751e8b465ee728b)  -> (artifact id: 'd67c52f8ec24d3ef1a51a059dcf1ea34') in 0.001994 seconds
  Import took 0.004720 seconds .

========================================================================
Received Import Request.
  Time since last request: 43.069411 seconds.
  path: Assets/EffectExamples
  artifactKey: Guid(6c0b056137d972f46a0312ba21b6263f) Importer(815301076,1909f56bfc062723c751e8b465ee728b)
Start importing Assets/EffectExamples using Guid(6c0b056137d972f46a0312ba21b6263f) Importer(815301076,1909f56bfc062723c751e8b465ee728b)  -> (artifact id: 'c0695cf317e26f567ddbb6bf096b4217') in 0.006065 seconds
  Import took 0.008478 seconds .

========================================================================
Received Import Request.
  Time since last request: 3.468222 seconds.
  path: Assets/Shared
  artifactKey: Guid(d20707e94d6582c4bb82c70bda7918f0) Importer(815301076,1909f56bfc062723c751e8b465ee728b)
Start importing Assets/Shared using Guid(d20707e94d6582c4bb82c70bda7918f0) Importer(815301076,1909f56bfc062723c751e8b465ee728b)  -> (artifact id: 'aad725b962ebaa6d1b0e8fbbb2088ebf') in 0.005996 seconds
  Import took 0.008483 seconds .

========================================================================
Received Import Request.
  Time since last request: 0.297041 seconds.
  path: Assets/TextMesh Pro
  artifactKey: Guid(f54d1bd14bd3ca042bd867b519fee8cc) Importer(815301076,1909f56bfc062723c751e8b465ee728b)
Start importing Assets/TextMesh Pro using Guid(f54d1bd14bd3ca042bd867b519fee8cc) Importer(815301076,1909f56bfc062723c751e8b465ee728b)  -> (artifact id: '6170b652e791f28e2dae01803c8e71bf') in 0.005994 seconds
  Import took 0.008333 seconds .

========================================================================
Received Import Request.
  Time since last request: 0.002814 seconds.
  path: Assets/TextMesh Pro
  artifactKey: Guid(f54d1bd14bd3ca042bd867b519fee8cc) Importer(815301076,1909f56bfc062723c751e8b465ee728b)
Start importing Assets/TextMesh Pro using Guid(f54d1bd14bd3ca042bd867b519fee8cc) Importer(815301076,1909f56bfc062723c751e8b465ee728b)  -> (artifact id: '6170b652e791f28e2dae01803c8e71bf') in 0.002845 seconds
  Import took 0.005498 seconds .

========================================================================
Received Import Request.
  Time since last request: 20.122820 seconds.
  path: Assets/Shared/Prefabs
  artifactKey: Guid(40699bdce656c484c9aa24320556cf4f) Importer(815301076,1909f56bfc062723c751e8b465ee728b)
Start importing Assets/Shared/Prefabs using Guid(40699bdce656c484c9aa24320556cf4f) Importer(815301076,1909f56bfc062723c751e8b465ee728b)  -> (artifact id: 'a9941e5bf8bd25a9d264d405b5279cc0') in 0.002620 seconds
  Import took 0.005840 seconds .

========================================================================
Received Import Request.
  Time since last request: 0.075827 seconds.
  path: Assets/Shared/Prefabs/Player.prefab
  artifactKey: Guid(6fcc382533eeddd4cb59b9e20acca545) Importer(815301076,1909f56bfc062723c751e8b465ee728b)
Start importing Assets/Shared/Prefabs/Player.prefab using Guid(6fcc382533eeddd4cb59b9e20acca545) Importer(815301076,1909f56bfc062723c751e8b465ee728b)  -> (artifact id: 'd05237a2a52963dc09ef59b22b90db90') in 0.135410 seconds
  Import took 0.138856 seconds .

========================================================================
Received Import Request.
  Time since last request: 0.000171 seconds.
  path: Assets/Shared/Prefabs/WorldSpaceLabel.prefab
  artifactKey: Guid(ee8ad5531e02f4f0eb2d4187ec62c699) Importer(815301076,1909f56bfc062723c751e8b465ee728b)
Start importing Assets/Shared/Prefabs/WorldSpaceLabel.prefab using Guid(ee8ad5531e02f4f0eb2d4187ec62c699) Importer(815301076,1909f56bfc062723c751e8b465ee728b)  -> (artifact id: 'c8a3279b4e1e264640f8529a16e59c2a') in 0.060258 seconds
  Import took 0.062550 seconds .

========================================================================
Received Import Request.
  Time since last request: 2.888052 seconds.
  path: Assets/Shared/Environment
  artifactKey: Guid(ea4371db0cabc3a44a4b4129cd1323f5) Importer(815301076,1909f56bfc062723c751e8b465ee728b)
Start importing Assets/Shared/Environment using Guid(ea4371db0cabc3a44a4b4129cd1323f5) Importer(815301076,1909f56bfc062723c751e8b465ee728b)  -> (artifact id: '97ca3f1e9c9606562ca7a378abaa5b25') in 0.005386 seconds
  Import took 0.007933 seconds .

========================================================================
Received Import Request.
  Time since last request: 0.004556 seconds.
  path: Assets/Shared/Environment
  artifactKey: Guid(ea4371db0cabc3a44a4b4129cd1323f5) Importer(815301076,1909f56bfc062723c751e8b465ee728b)
Start importing Assets/Shared/Environment using Guid(ea4371db0cabc3a44a4b4129cd1323f5) Importer(815301076,1909f56bfc062723c751e8b465ee728b)  -> (artifact id: '97ca3f1e9c9606562ca7a378abaa5b25') in 0.002010 seconds
  Import took 0.004624 seconds .

========================================================================
Received Import Request.
  Time since last request: 0.562407 seconds.
  path: Assets/Shared/Ramps
  artifactKey: Guid(0c4954a152c3b8642b15fcbacde84951) Importer(815301076,1909f56bfc062723c751e8b465ee728b)
Start importing Assets/Shared/Ramps using Guid(0c4954a152c3b8642b15fcbacde84951) Importer(815301076,1909f56bfc062723c751e8b465ee728b)  -> (artifact id: '53b6b4792bc187bfbd02a670b1523c87') in 0.006127 seconds
  Import took 0.008554 seconds .

========================================================================
Received Import Request.
  Time since last request: 0.467469 seconds.
  path: Assets/Shared/Scripts
  artifactKey: Guid(bd22c1c7cfb6a0f469bbe1805930df50) Importer(815301076,1909f56bfc062723c751e8b465ee728b)
Start importing Assets/Shared/Scripts using Guid(bd22c1c7cfb6a0f469bbe1805930df50) Importer(815301076,1909f56bfc062723c751e8b465ee728b)  -> (artifact id: 'fa929c39817aec70e867f83f5cf9405e') in 0.002237 seconds
  Import took 0.005034 seconds .

========================================================================
Received Import Request.
  Time since last request: 1.052363 seconds.
  path: Assets/Shared/Scripts/AdjustTimeScale.cs
  artifactKey: Guid(57a9bba4c7c6adc40805917ce487896a) Importer(815301076,1909f56bfc062723c751e8b465ee728b)
Start importing Assets/Shared/Scripts/AdjustTimeScale.cs using Guid(57a9bba4c7c6adc40805917ce487896a) Importer(815301076,1909f56bfc062723c751e8b465ee728b)  -> (artifact id: 'fcc0683ab50a8fc955aee03b7f933ca3') in 0.005607 seconds
  Import took 0.008419 seconds .

========================================================================
Received Import Request.
  Time since last request: 0.002150 seconds.
  path: Assets/Shared/Scripts/AdjustTimeScale.cs
  artifactKey: Guid(57a9bba4c7c6adc40805917ce487896a) Importer(815301076,1909f56bfc062723c751e8b465ee728b)
Start importing Assets/Shared/Scripts/AdjustTimeScale.cs using Guid(57a9bba4c7c6adc40805917ce487896a) Importer(815301076,1909f56bfc062723c751e8b465ee728b)  -> (artifact id: 'fcc0683ab50a8fc955aee03b7f933ca3') in 0.002046 seconds
  Import took 0.005042 seconds .

========================================================================
Received Import Request.
  Time since last request: 0.504555 seconds.
  path: Assets/Shared/Scripts/ProximityActivate.cs
  artifactKey: Guid(9dda47b72d39443fcbaff0fcbb5f1bd4) Importer(815301076,1909f56bfc062723c751e8b465ee728b)
Start importing Assets/Shared/Scripts/ProximityActivate.cs using Guid(9dda47b72d39443fcbaff0fcbb5f1bd4) Importer(815301076,1909f56bfc062723c751e8b465ee728b)  -> (artifact id: 'a106e46634abf914492c11c905ae4b58') in 0.005673 seconds
  Import took 0.008610 seconds .

========================================================================
Received Import Request.
  Time since last request: 0.346630 seconds.
  path: Assets/Shared/Scripts/SimpleCameraController.cs
  artifactKey: Guid(390f972b3a1e62341ad150cbe29782f3) Importer(815301076,1909f56bfc062723c751e8b465ee728b)
Start importing Assets/Shared/Scripts/SimpleCameraController.cs using Guid(390f972b3a1e62341ad150cbe29782f3) Importer(815301076,1909f56bfc062723c751e8b465ee728b)  -> (artifact id: '251a38b67254987a4ea19bd56fe5923b') in 0.006114 seconds
  Import took 0.008861 seconds .

========================================================================
Received Import Request.
  Time since last request: 0.000686 seconds.
  path: Assets/Shared/Scripts/SimpleCameraController.cs
  artifactKey: Guid(390f972b3a1e62341ad150cbe29782f3) Importer(815301076,1909f56bfc062723c751e8b465ee728b)
Start importing Assets/Shared/Scripts/SimpleCameraController.cs using Guid(390f972b3a1e62341ad150cbe29782f3) Importer(815301076,1909f56bfc062723c751e8b465ee728b)  -> (artifact id: '251a38b67254987a4ea19bd56fe5923b') in 0.001850 seconds
  Import took 0.004542 seconds .

========================================================================
Received Import Request.
  Time since last request: 0.396925 seconds.
  path: Assets/Shared/Scripts/SimpleCharacterMotor.cs
  artifactKey: Guid(b388589949f9448aca1903107a88cb42) Importer(815301076,1909f56bfc062723c751e8b465ee728b)
Start importing Assets/Shared/Scripts/SimpleCharacterMotor.cs using Guid(b388589949f9448aca1903107a88cb42) Importer(815301076,1909f56bfc062723c751e8b465ee728b)  -> (artifact id: '25f511ec9aa5e4d890c9509853a28488') in 0.006774 seconds
  Import took 0.009767 seconds .

========================================================================
Received Import Request.
  Time since last request: 0.000805 seconds.
  path: Assets/Shared/Scripts/SimpleCharacterMotor.cs
  artifactKey: Guid(b388589949f9448aca1903107a88cb42) Importer(815301076,1909f56bfc062723c751e8b465ee728b)
Start importing Assets/Shared/Scripts/SimpleCharacterMotor.cs using Guid(b388589949f9448aca1903107a88cb42) Importer(815301076,1909f56bfc062723c751e8b465ee728b)  -> (artifact id: '25f511ec9aa5e4d890c9509853a28488') in 0.001982 seconds
  Import took 0.004803 seconds .

========================================================================
Received Prepare
Registering precompiled user dll's ...
Registered in 0.000519 seconds.
Begin MonoManager ReloadAssembly
Native extension for WindowsStandalone target not found
Refreshing native plugins compatible for Editor in 0.24 ms, found 0 plugins.
Preloading 0 native plugins for Editor in 0.00 ms.
Mono: successfully reloaded assembly
- Completed reload, in  0.794 seconds
Platform modules already initialized, skipping
Refreshing native plugins compatible for Editor in 0.34 ms, found 0 plugins.
Preloading 0 native plugins for Editor in 0.00 ms.
Unloading 1305 Unused Serialized files (Serialized files now loaded: 0)
System memory in use before: 144.4 MB.
System memory in use after: 144.5 MB.

Unloading 15 unused Assets to reduce memory usage. Loaded Objects now: 1856.
Total: 2.008200 ms (FindLiveObjects: 0.197100 ms CreateObjectMapping: 0.055400 ms MarkObjects: 1.675000 ms  DeleteObjects: 0.079600 ms)

========================================================================
Received Import Request.
  Time since last request: 69.785644 seconds.
  path: Assets/Scenes
  artifactKey: Guid(4867f77edeba0804290b045bdd833af1) Importer(815301076,1909f56bfc062723c751e8b465ee728b)
Start importing Assets/Scenes using Guid(4867f77edeba0804290b045bdd833af1) Importer(815301076,1909f56bfc062723c751e8b465ee728b)  -> (artifact id: 'a11bd66a01378457125870239d5d433d') in 0.008310 seconds
  Import took 0.010911 seconds .

========================================================================
Received Import Request.
  Time since last request: 8.717153 seconds.
  path: Assets/Script
  artifactKey: Guid(0f654b02ee4c6084da197198396b9452) Importer(815301076,1909f56bfc062723c751e8b465ee728b)
Start importing Assets/Script using Guid(0f654b02ee4c6084da197198396b9452) Importer(815301076,1909f56bfc062723c751e8b465ee728b)  -> (artifact id: 'd955cada649b3229fea8cd08988664d3') in 0.006316 seconds
  Import took 0.009634 seconds .

========================================================================
Received Import Request.
  Time since last request: 0.000701 seconds.
  path: Assets/Script
  artifactKey: Guid(0f654b02ee4c6084da197198396b9452) Importer(815301076,1909f56bfc062723c751e8b465ee728b)
Start importing Assets/Script using Guid(0f654b02ee4c6084da197198396b9452) Importer(815301076,1909f56bfc062723c751e8b465ee728b)  -> (artifact id: 'd955cada649b3229fea8cd08988664d3') in 0.002623 seconds
  Import took 0.005559 seconds .

========================================================================
Received Import Request.
  Time since last request: 20.453368 seconds.
  path: Assets/Script/PlayerControl.cs
  artifactKey: Guid(7dd74ce13b88b344ca0681f951afea5c) Importer(815301076,1909f56bfc062723c751e8b465ee728b)
Start importing Assets/Script/PlayerControl.cs using Guid(7dd74ce13b88b344ca0681f951afea5c) Importer(815301076,1909f56bfc062723c751e8b465ee728b)  -> (artifact id: 'd62e195fc0317d6d76b89a59fc2ca750') in 0.006276 seconds
  Import took 0.008883 seconds .

========================================================================
Received Prepare
Registering precompiled user dll's ...
Registered in 0.000592 seconds.
Begin MonoManager ReloadAssembly
Native extension for WindowsStandalone target not found
Refreshing native plugins compatible for Editor in 0.26 ms, found 0 plugins.
Preloading 0 native plugins for Editor in 0.00 ms.
Mono: successfully reloaded assembly
- Completed reload, in  0.710 seconds
Platform modules already initialized, skipping
Refreshing native plugins compatible for Editor in 0.25 ms, found 0 plugins.
Preloading 0 native plugins for Editor in 0.00 ms.
Unloading 1306 Unused Serialized files (Serialized files now loaded: 0)
System memory in use before: 144.4 MB.
System memory in use after: 144.5 MB.

Unloading 5 unused Assets to reduce memory usage. Loaded Objects now: 1860.
Total: 1.471200 ms (FindLiveObjects: 0.149800 ms CreateObjectMapping: 0.040500 ms MarkObjects: 1.228700 ms  DeleteObjects: 0.051200 ms)

========================================================================
Received Prepare
Registering precompiled user dll's ...
Registered in 0.000780 seconds.
Begin MonoManager ReloadAssembly
Native extension for WindowsStandalone target not found
Refreshing native plugins compatible for Editor in 0.27 ms, found 0 plugins.
Preloading 0 native plugins for Editor in 0.00 ms.
Mono: successfully reloaded assembly
- Completed reload, in  0.725 seconds
Platform modules already initialized, skipping
Refreshing native plugins compatible for Editor in 0.41 ms, found 0 plugins.
Preloading 0 native plugins for Editor in 0.00 ms.
Unloading 1306 Unused Serialized files (Serialized files now loaded: 0)
System memory in use before: 144.4 MB.
System memory in use after: 144.5 MB.

Unloading 5 unused Assets to reduce memory usage. Loaded Objects now: 1863.
Total: 1.730600 ms (FindLiveObjects: 0.208300 ms CreateObjectMapping: 0.085700 ms MarkObjects: 1.380100 ms  DeleteObjects: 0.055500 ms)

========================================================================
Received Import Request.
  Time since last request: 134.308915 seconds.
  path: Assets/Script/PlayerControl.cs
  artifactKey: Guid(7dd74ce13b88b344ca0681f951afea5c) Importer(815301076,1909f56bfc062723c751e8b465ee728b)
Start importing Assets/Script/PlayerControl.cs using Guid(7dd74ce13b88b344ca0681f951afea5c) Importer(815301076,1909f56bfc062723c751e8b465ee728b)  -> (artifact id: '5de2d345b974c6d00aebfb9a5d163a75') in 0.004597 seconds
  Import took 0.006908 seconds .

========================================================================
Received Prepare
Registering precompiled user dll's ...
Registered in 0.000622 seconds.
Begin MonoManager ReloadAssembly
Native extension for WindowsStandalone target not found
Refreshing native plugins compatible for Editor in 0.36 ms, found 0 plugins.
Preloading 0 native plugins for Editor in 0.00 ms.
Mono: successfully reloaded assembly
- Completed reload, in  1.019 seconds
Platform modules already initialized, skipping
Refreshing native plugins compatible for Editor in 0.38 ms, found 0 plugins.
Preloading 0 native plugins for Editor in 0.00 ms.
Unloading 1307 Unused Serialized files (Serialized files now loaded: 0)
System memory in use before: 144.5 MB.
System memory in use after: 144.6 MB.

Unloading 5 unused Assets to reduce memory usage. Loaded Objects now: 1867.
Total: 2.469600 ms (FindLiveObjects: 0.311200 ms CreateObjectMapping: 0.073700 ms MarkObjects: 1.999000 ms  DeleteObjects: 0.083800 ms)

========================================================================
Received Import Request.
  Time since last request: 27.774995 seconds.
  path: Assets/Script/CameraCon.cs
  artifactKey: Guid(ad58154e5e014c9479a254a2d6b457e0) Importer(815301076,1909f56bfc062723c751e8b465ee728b)
Start importing Assets/Script/CameraCon.cs using Guid(ad58154e5e014c9479a254a2d6b457e0) Importer(815301076,1909f56bfc062723c751e8b465ee728b)  -> (artifact id: '0983dc6a35ad9603f567096c35b8e4e3') in 0.008437 seconds
  Import took 0.011159 seconds .

========================================================================
Received Prepare
Registering precompiled user dll's ...
Registered in 0.000847 seconds.
Begin MonoManager ReloadAssembly
Native extension for WindowsStandalone target not found
Refreshing native plugins compatible for Editor in 0.48 ms, found 0 plugins.
Preloading 0 native plugins for Editor in 0.00 ms.
Mono: successfully reloaded assembly
- Completed reload, in  0.722 seconds
Platform modules already initialized, skipping
Refreshing native plugins compatible for Editor in 0.24 ms, found 0 plugins.
Preloading 0 native plugins for Editor in 0.00 ms.
Unloading 1307 Unused Serialized files (Serialized files now loaded: 0)
System memory in use before: 144.5 MB.
System memory in use after: 144.6 MB.

Unloading 5 unused Assets to reduce memory usage. Loaded Objects now: 1870.
Total: 2.012100 ms (FindLiveObjects: 0.221500 ms CreateObjectMapping: 0.056000 ms MarkObjects: 1.671600 ms  DeleteObjects: 0.060600 ms)

========================================================================
Received Prepare
Registering precompiled user dll's ...
Registered in 0.000614 seconds.
Begin MonoManager ReloadAssembly
Native extension for WindowsStandalone target not found
Refreshing native plugins compatible for Editor in 0.26 ms, found 0 plugins.
Preloading 0 native plugins for Editor in 0.00 ms.
Mono: successfully reloaded assembly
- Completed reload, in  0.706 seconds
Platform modules already initialized, skipping
Refreshing native plugins compatible for Editor in 0.28 ms, found 0 plugins.
Preloading 0 native plugins for Editor in 0.00 ms.
Unloading 1307 Unused Serialized files (Serialized files now loaded: 0)
System memory in use before: 144.5 MB.
System memory in use after: 144.6 MB.

Unloading 5 unused Assets to reduce memory usage. Loaded Objects now: 1873.
Total: 1.860300 ms (FindLiveObjects: 0.167500 ms CreateObjectMapping: 0.050800 ms MarkObjects: 1.579100 ms  DeleteObjects: 0.061600 ms)

========================================================================
Received Import Request.
  Time since last request: 85.432295 seconds.
  path: Assets/Script/CameraCon.cs
  artifactKey: Guid(ad58154e5e014c9479a254a2d6b457e0) Importer(815301076,1909f56bfc062723c751e8b465ee728b)
Start importing Assets/Script/CameraCon.cs using Guid(ad58154e5e014c9479a254a2d6b457e0) Importer(815301076,1909f56bfc062723c751e8b465ee728b)  -> (artifact id: 'c84c7d4b38bdabf68a0cb25f2e8cc1f7') in 0.004368 seconds
  Import took 0.006935 seconds .

========================================================================
Received Prepare
Registering precompiled user dll's ...
Registered in 0.000674 seconds.
Begin MonoManager ReloadAssembly
Native extension for WindowsStandalone target not found
Refreshing native plugins compatible for Editor in 0.39 ms, found 0 plugins.
Preloading 0 native plugins for Editor in 0.00 ms.
Mono: successfully reloaded assembly
- Completed reload, in  0.936 seconds
Platform modules already initialized, skipping
Refreshing native plugins compatible for Editor in 0.56 ms, found 0 plugins.
Preloading 0 native plugins for Editor in 0.00 ms.
Unloading 1308 Unused Serialized files (Serialized files now loaded: 0)
System memory in use before: 144.5 MB.
System memory in use after: 144.6 MB.

Unloading 5 unused Assets to reduce memory usage. Loaded Objects now: 1877.
Total: 1.877900 ms (FindLiveObjects: 0.181600 ms CreateObjectMapping: 0.055700 ms MarkObjects: 1.561900 ms  DeleteObjects: 0.077500 ms)

========================================================================
Received Import Request.
  Time since last request: 105.703652 seconds.
  path: Assets/Script/NewBehaviourScript.cs
  artifactKey: Guid(5ba560f1bfe0f99428bf88f16465b0fa) Importer(815301076,1909f56bfc062723c751e8b465ee728b)
Start importing Assets/Script/NewBehaviourScript.cs using Guid(5ba560f1bfe0f99428bf88f16465b0fa) Importer(815301076,1909f56bfc062723c751e8b465ee728b)  -> (artifact id: '74d7698a61a6444a94787a745a3461a7') in 0.008676 seconds
  Import took 0.012042 seconds .

========================================================================
Received Prepare
Registering precompiled user dll's ...
Registered in 0.000527 seconds.
Begin MonoManager ReloadAssembly
Native extension for WindowsStandalone target not found
Refreshing native plugins compatible for Editor in 0.24 ms, found 0 plugins.
Preloading 0 native plugins for Editor in 0.00 ms.
Mono: successfully reloaded assembly
- Completed reload, in  0.773 seconds
Platform modules already initialized, skipping
Refreshing native plugins compatible for Editor in 0.24 ms, found 0 plugins.
Preloading 0 native plugins for Editor in 0.00 ms.
Unloading 1308 Unused Serialized files (Serialized files now loaded: 0)
System memory in use before: 144.5 MB.
System memory in use after: 144.6 MB.

Unloading 5 unused Assets to reduce memory usage. Loaded Objects now: 1880.
Total: 1.670600 ms (FindLiveObjects: 0.243900 ms CreateObjectMapping: 0.082100 ms MarkObjects: 1.278000 ms  DeleteObjects: 0.065500 ms)

========================================================================
Received Prepare
Registering precompiled user dll's ...
Registered in 0.000795 seconds.
Begin MonoManager ReloadAssembly
Native extension for WindowsStandalone target not found
Refreshing native plugins compatible for Editor in 0.28 ms, found 0 plugins.
Preloading 0 native plugins for Editor in 0.00 ms.
Mono: successfully reloaded assembly
- Completed reload, in  0.704 seconds
Platform modules already initialized, skipping
Refreshing native plugins compatible for Editor in 0.24 ms, found 0 plugins.
Preloading 0 native plugins for Editor in 0.00 ms.
Unloading 1307 Unused Serialized files (Serialized files now loaded: 0)
System memory in use before: 144.5 MB.
System memory in use after: 144.6 MB.

Unloading 6 unused Assets to reduce memory usage. Loaded Objects now: 1882.
Total: 1.470300 ms (FindLiveObjects: 0.150400 ms CreateObjectMapping: 0.045100 ms MarkObjects: 1.221100 ms  DeleteObjects: 0.052500 ms)

========================================================================
Received Import Request.
  Time since last request: 14.579583 seconds.
  path: Assets/Script/CoinAnim.cs
  artifactKey: Guid(be937ab033f791344a7017643a666f39) Importer(815301076,1909f56bfc062723c751e8b465ee728b)
Start importing Assets/Script/CoinAnim.cs using Guid(be937ab033f791344a7017643a666f39) Importer(815301076,1909f56bfc062723c751e8b465ee728b)  -> (artifact id: '98a92e8234a8c94c7035163cbb69d702') in 0.009183 seconds
  Import took 0.011713 seconds .

========================================================================
Received Prepare
Registering precompiled user dll's ...
Registered in 0.000812 seconds.
Begin MonoManager ReloadAssembly
Native extension for WindowsStandalone target not found
Refreshing native plugins compatible for Editor in 0.24 ms, found 0 plugins.
Preloading 0 native plugins for Editor in 0.00 ms.
Mono: successfully reloaded assembly
- Completed reload, in  0.714 seconds
Platform modules already initialized, skipping
Refreshing native plugins compatible for Editor in 0.24 ms, found 0 plugins.
Preloading 0 native plugins for Editor in 0.00 ms.
Unloading 1308 Unused Serialized files (Serialized files now loaded: 0)
System memory in use before: 144.5 MB.
System memory in use after: 144.6 MB.

Unloading 5 unused Assets to reduce memory usage. Loaded Objects now: 1886.
Total: 1.869400 ms (FindLiveObjects: 0.185600 ms CreateObjectMapping: 0.041900 ms MarkObjects: 1.575600 ms  DeleteObjects: 0.065000 ms)

========================================================================
Received Prepare
Registering precompiled user dll's ...
Registered in 0.000570 seconds.
Begin MonoManager ReloadAssembly
Native extension for WindowsStandalone target not found
Refreshing native plugins compatible for Editor in 0.25 ms, found 0 plugins.
Preloading 0 native plugins for Editor in 0.00 ms.
Mono: successfully reloaded assembly
- Completed reload, in  0.742 seconds
Platform modules already initialized, skipping
Refreshing native plugins compatible for Editor in 0.27 ms, found 0 plugins.
Preloading 0 native plugins for Editor in 0.00 ms.
Unloading 1308 Unused Serialized files (Serialized files now loaded: 0)
System memory in use before: 144.6 MB.
System memory in use after: 144.6 MB.

Unloading 5 unused Assets to reduce memory usage. Loaded Objects now: 1889.
Total: 1.813100 ms (FindLiveObjects: 0.226000 ms CreateObjectMapping: 0.078200 ms MarkObjects: 1.452000 ms  DeleteObjects: 0.055300 ms)

========================================================================
Received Import Request.
  Time since last request: 111.125107 seconds.
  path: Assets/Script/CoinAnim.cs
  artifactKey: Guid(be937ab033f791344a7017643a666f39) Importer(815301076,1909f56bfc062723c751e8b465ee728b)
Start importing Assets/Script/CoinAnim.cs using Guid(be937ab033f791344a7017643a666f39) Importer(815301076,1909f56bfc062723c751e8b465ee728b)  -> (artifact id: '3b6a8e61094f2c0560dd0dddb89cae83') in 0.004030 seconds
  Import took 0.006767 seconds .

========================================================================
Received Import Request.
  Time since last request: 14.069340 seconds.
  path: ProjectSettings/TagManager.asset
  artifactKey: Guid(00000000000000003000000000000000) Importer(815301076,1909f56bfc062723c751e8b465ee728b)
Start importing ProjectSettings/TagManager.asset using Guid(00000000000000003000000000000000) Importer(815301076,1909f56bfc062723c751e8b465ee728b)  -> (artifact id: 'dcf001d89ce4f16621f74ef137134682') in 0.026008 seconds
  Import took 0.028252 seconds .

========================================================================
Received Prepare
Registering precompiled user dll's ...
Registered in 0.001102 seconds.
Begin MonoManager ReloadAssembly
Native extension for WindowsStandalone target not found
Refreshing native plugins compatible for Editor in 0.24 ms, found 0 plugins.
Preloading 0 native plugins for Editor in 0.00 ms.
Mono: successfully reloaded assembly
- Completed reload, in  0.783 seconds
Platform modules already initialized, skipping
Refreshing native plugins compatible for Editor in 0.32 ms, found 0 plugins.
Preloading 0 native plugins for Editor in 0.00 ms.
Unloading 1308 Unused Serialized files (Serialized files now loaded: 0)
System memory in use before: 144.6 MB.
System memory in use after: 144.6 MB.

Unloading 6 unused Assets to reduce memory usage. Loaded Objects now: 1892.
Total: 1.618500 ms (FindLiveObjects: 0.150700 ms CreateObjectMapping: 0.038200 ms MarkObjects: 1.349600 ms  DeleteObjects: 0.078900 ms)

========================================================================
Received Import Request.
  Time since last request: 37.505621 seconds.
  path: Assets/Materials/Coins.mat
  artifactKey: Guid(f6873df67486ac84393c6f228d757633) Importer(815301076,1909f56bfc062723c751e8b465ee728b)
Start importing Assets/Materials/Coins.mat using Guid(f6873df67486ac84393c6f228d757633) Importer(815301076,1909f56bfc062723c751e8b465ee728b)  -> (artifact id: '3fb5f322456b57bad9c212f53c0309bd') in 0.055035 seconds
  Import took 0.057211 seconds .

========================================================================
Received Import Request.
  Time since last request: 14.322006 seconds.
  path: Assets/Prefabs
  artifactKey: Guid(061b0ac6a0393c747a66bb86769411d7) Importer(815301076,1909f56bfc062723c751e8b465ee728b)
Start importing Assets/Prefabs using Guid(061b0ac6a0393c747a66bb86769411d7) Importer(815301076,1909f56bfc062723c751e8b465ee728b)  -> (artifact id: '02ec7dba641a302530b65d06405fd586') in 0.003348 seconds
  Import took 0.005896 seconds .

========================================================================
Received Import Request.
  Time since last request: 8.470370 seconds.
  path: Assets/Prefabs/Coins.prefab
  artifactKey: Guid(3321f845afadf114d98eaef7b6597efb) Importer(815301076,1909f56bfc062723c751e8b465ee728b)
Start importing Assets/Prefabs/Coins.prefab using Guid(3321f845afadf114d98eaef7b6597efb) Importer(815301076,1909f56bfc062723c751e8b465ee728b)  -> (artifact id: 'c80926804fa44966cfeab60774eca791') in 0.030596 seconds
  Import took 0.033376 seconds .

========================================================================
Received Prepare
Registering precompiled user dll's ...
Registered in 0.000544 seconds.
Begin MonoManager ReloadAssembly
Native extension for WindowsStandalone target not found
Refreshing native plugins compatible for Editor in 0.28 ms, found 0 plugins.
Preloading 0 native plugins for Editor in 0.00 ms.
Mono: successfully reloaded assembly
- Completed reload, in  0.724 seconds
Platform modules already initialized, skipping
Refreshing native plugins compatible for Editor in 0.25 ms, found 0 plugins.
Preloading 0 native plugins for Editor in 0.00 ms.
Unloading 1308 Unused Serialized files (Serialized files now loaded: 0)
System memory in use before: 144.6 MB.
System memory in use after: 144.6 MB.

Unloading 5 unused Assets to reduce memory usage. Loaded Objects now: 1897.
Total: 2.024800 ms (FindLiveObjects: 0.211700 ms CreateObjectMapping: 0.057400 ms MarkObjects: 1.663900 ms  DeleteObjects: 0.090500 ms)

========================================================================
Received Prepare
Registering precompiled user dll's ...
Registered in 0.000786 seconds.
Begin MonoManager ReloadAssembly
Native extension for WindowsStandalone target not found
Refreshing native plugins compatible for Editor in 0.24 ms, found 0 plugins.
Preloading 0 native plugins for Editor in 0.00 ms.
Mono: successfully reloaded assembly
- Completed reload, in  0.686 seconds
Platform modules already initialized, skipping
Refreshing native plugins compatible for Editor in 0.25 ms, found 0 plugins.
Preloading 0 native plugins for Editor in 0.00 ms.
Unloading 1308 Unused Serialized files (Serialized files now loaded: 0)
System memory in use before: 144.6 MB.
System memory in use after: 144.6 MB.

Unloading 5 unused Assets to reduce memory usage. Loaded Objects now: 1900.
Total: 1.585700 ms (FindLiveObjects: 0.144500 ms CreateObjectMapping: 0.041100 ms MarkObjects: 1.336300 ms  DeleteObjects: 0.062900 ms)

========================================================================
Received Prepare
Registering precompiled user dll's ...
Registered in 0.000609 seconds.
Begin MonoManager ReloadAssembly
Native extension for WindowsStandalone target not found
Refreshing native plugins compatible for Editor in 0.25 ms, found 0 plugins.
Preloading 0 native plugins for Editor in 0.00 ms.
Mono: successfully reloaded assembly
- Completed reload, in  0.756 seconds
Platform modules already initialized, skipping
Refreshing native plugins compatible for Editor in 0.29 ms, found 0 plugins.
Preloading 0 native plugins for Editor in 0.00 ms.
Unloading 1308 Unused Serialized files (Serialized files now loaded: 0)
System memory in use before: 144.6 MB.
System memory in use after: 144.7 MB.

Unloading 5 unused Assets to reduce memory usage. Loaded Objects now: 1903.
Total: 1.778000 ms (FindLiveObjects: 0.156500 ms CreateObjectMapping: 0.048800 ms MarkObjects: 1.516700 ms  DeleteObjects: 0.055100 ms)

========================================================================
Received Prepare
Registering precompiled user dll's ...
Registered in 0.000620 seconds.
Begin MonoManager ReloadAssembly
Native extension for WindowsStandalone target not found
Refreshing native plugins compatible for Editor in 0.27 ms, found 0 plugins.
Preloading 0 native plugins for Editor in 0.00 ms.
Mono: successfully reloaded assembly
- Completed reload, in  0.754 seconds
Platform modules already initialized, skipping
Refreshing native plugins compatible for Editor in 0.38 ms, found 0 plugins.
Preloading 0 native plugins for Editor in 0.00 ms.
Unloading 1308 Unused Serialized files (Serialized files now loaded: 0)
System memory in use before: 144.6 MB.
System memory in use after: 144.7 MB.

Unloading 5 unused Assets to reduce memory usage. Loaded Objects now: 1906.
Total: 1.671500 ms (FindLiveObjects: 0.156300 ms CreateObjectMapping: 0.042500 ms MarkObjects: 1.409300 ms  DeleteObjects: 0.062300 ms)

========================================================================
Received Prepare
Registering precompiled user dll's ...
Registered in 0.000603 seconds.
Begin MonoManager ReloadAssembly
Native extension for WindowsStandalone target not found
Refreshing native plugins compatible for Editor in 0.31 ms, found 0 plugins.
Preloading 0 native plugins for Editor in 0.00 ms.
Mono: successfully reloaded assembly
- Completed reload, in  0.817 seconds
Platform modules already initialized, skipping
Refreshing native plugins compatible for Editor in 0.34 ms, found 0 plugins.
Preloading 0 native plugins for Editor in 0.00 ms.
Unloading 1308 Unused Serialized files (Serialized files now loaded: 0)
System memory in use before: 144.6 MB.
System memory in use after: 144.7 MB.

Unloading 5 unused Assets to reduce memory usage. Loaded Objects now: 1909.
Total: 2.076400 ms (FindLiveObjects: 0.168200 ms CreateObjectMapping: 0.044100 ms MarkObjects: 1.789200 ms  DeleteObjects: 0.073500 ms)

========================================================================
Received Prepare
Registering precompiled user dll's ...
Registered in 0.000547 seconds.
Begin MonoManager ReloadAssembly
Native extension for WindowsStandalone target not found
Refreshing native plugins compatible for Editor in 0.43 ms, found 0 plugins.
Preloading 0 native plugins for Editor in 0.00 ms.
Mono: successfully reloaded assembly
- Completed reload, in  0.704 seconds
Platform modules already initialized, skipping
Refreshing native plugins compatible for Editor in 0.30 ms, found 0 plugins.
Preloading 0 native plugins for Editor in 0.00 ms.
Unloading 1308 Unused Serialized files (Serialized files now loaded: 0)
System memory in use before: 144.6 MB.
System memory in use after: 144.7 MB.

Unloading 5 unused Assets to reduce memory usage. Loaded Objects now: 1912.
Total: 2.378500 ms (FindLiveObjects: 0.258500 ms CreateObjectMapping: 0.054000 ms MarkObjects: 1.967700 ms  DeleteObjects: 0.095600 ms)

========================================================================
Received Prepare
Registering precompiled user dll's ...
Registered in 0.001079 seconds.
Begin MonoManager ReloadAssembly
Native extension for WindowsStandalone target not found
Refreshing native plugins compatible for Editor in 0.55 ms, found 0 plugins.
Preloading 0 native plugins for Editor in 0.00 ms.
Mono: successfully reloaded assembly
- Completed reload, in  0.920 seconds
Platform modules already initialized, skipping
Refreshing native plugins compatible for Editor in 0.47 ms, found 0 plugins.
Preloading 0 native plugins for Editor in 0.00 ms.
Unloading 1308 Unused Serialized files (Serialized files now loaded: 0)
System memory in use before: 144.6 MB.
System memory in use after: 144.7 MB.

Unloading 5 unused Assets to reduce memory usage. Loaded Objects now: 1915.
Total: 2.595400 ms (FindLiveObjects: 0.211400 ms CreateObjectMapping: 0.054200 ms MarkObjects: 2.161100 ms  DeleteObjects: 0.167100 ms)

========================================================================
Received Prepare
Registering precompiled user dll's ...
Registered in 0.000642 seconds.
Begin MonoManager ReloadAssembly
Native extension for WindowsStandalone target not found
Refreshing native plugins compatible for Editor in 0.25 ms, found 0 plugins.
Preloading 0 native plugins for Editor in 0.00 ms.
Mono: successfully reloaded assembly
- Completed reload, in  0.790 seconds
Platform modules already initialized, skipping
Refreshing native plugins compatible for Editor in 0.43 ms, found 0 plugins.
Preloading 0 native plugins for Editor in 0.00 ms.
Unloading 1308 Unused Serialized files (Serialized files now loaded: 0)
System memory in use before: 144.6 MB.
System memory in use after: 144.7 MB.

Unloading 5 unused Assets to reduce memory usage. Loaded Objects now: 1918.
Total: 2.178400 ms (FindLiveObjects: 0.221600 ms CreateObjectMapping: 0.061800 ms MarkObjects: 1.798300 ms  DeleteObjects: 0.094800 ms)

========================================================================
Received Prepare
Registering precompiled user dll's ...
Registered in 0.000715 seconds.
Begin MonoManager ReloadAssembly
Native extension for WindowsStandalone target not found
Refreshing native plugins compatible for Editor in 0.42 ms, found 0 plugins.
Preloading 0 native plugins for Editor in 0.00 ms.
Mono: successfully reloaded assembly
- Completed reload, in  0.715 seconds
Platform modules already initialized, skipping
Refreshing native plugins compatible for Editor in 0.45 ms, found 0 plugins.
Preloading 0 native plugins for Editor in 0.00 ms.
Unloading 1308 Unused Serialized files (Serialized files now loaded: 0)
System memory in use before: 144.6 MB.
System memory in use after: 144.7 MB.

Unloading 5 unused Assets to reduce memory usage. Loaded Objects now: 1921.
Total: 2.471600 ms (FindLiveObjects: 0.261000 ms CreateObjectMapping: 0.118100 ms MarkObjects: 2.022100 ms  DeleteObjects: 0.068700 ms)

========================================================================
Received Prepare
Registering precompiled user dll's ...
Registered in 0.000563 seconds.
Begin MonoManager ReloadAssembly
Native extension for WindowsStandalone target not found
Refreshing native plugins compatible for Editor in 0.24 ms, found 0 plugins.
Preloading 0 native plugins for Editor in 0.00 ms.
Mono: successfully reloaded assembly
- Completed reload, in  0.719 seconds
Platform modules already initialized, skipping
Refreshing native plugins compatible for Editor in 0.24 ms, found 0 plugins.
Preloading 0 native plugins for Editor in 0.00 ms.
Unloading 1308 Unused Serialized files (Serialized files now loaded: 0)
System memory in use before: 144.6 MB.
System memory in use after: 144.7 MB.

Unloading 5 unused Assets to reduce memory usage. Loaded Objects now: 1924.
Total: 2.070200 ms (FindLiveObjects: 0.171400 ms CreateObjectMapping: 0.056700 ms MarkObjects: 1.747900 ms  DeleteObjects: 0.092500 ms)

========================================================================
Received Prepare
Registering precompiled user dll's ...
Registered in 0.000630 seconds.
Begin MonoManager ReloadAssembly
Native extension for WindowsStandalone target not found
Refreshing native plugins compatible for Editor in 0.58 ms, found 0 plugins.
Preloading 0 native plugins for Editor in 0.00 ms.
Mono: successfully reloaded assembly
- Completed reload, in  0.802 seconds
Platform modules already initialized, skipping
Refreshing native plugins compatible for Editor in 0.26 ms, found 0 plugins.
Preloading 0 native plugins for Editor in 0.00 ms.
Unloading 1308 Unused Serialized files (Serialized files now loaded: 0)
System memory in use before: 144.6 MB.
System memory in use after: 144.7 MB.

Unloading 5 unused Assets to reduce memory usage. Loaded Objects now: 1927.
Total: 2.435100 ms (FindLiveObjects: 0.257300 ms CreateObjectMapping: 0.093100 ms MarkObjects: 2.013600 ms  DeleteObjects: 0.069700 ms)

========================================================================
Received Prepare
Registering precompiled user dll's ...
Registered in 0.001011 seconds.
Begin MonoManager ReloadAssembly
Native extension for WindowsStandalone target not found
Refreshing native plugins compatible for Editor in 0.27 ms, found 0 plugins.
Preloading 0 native plugins for Editor in 0.00 ms.
Mono: successfully reloaded assembly
- Completed reload, in  0.748 seconds
Platform modules already initialized, skipping
Refreshing native plugins compatible for Editor in 0.31 ms, found 0 plugins.
Preloading 0 native plugins for Editor in 0.00 ms.
Unloading 1308 Unused Serialized files (Serialized files now loaded: 0)
System memory in use before: 144.6 MB.
System memory in use after: 144.7 MB.

Unloading 5 unused Assets to reduce memory usage. Loaded Objects now: 1930.
Total: 1.577500 ms (FindLiveObjects: 0.147400 ms CreateObjectMapping: 0.040900 ms MarkObjects: 1.335300 ms  DeleteObjects: 0.052900 ms)

========================================================================
Received Prepare
Registering precompiled user dll's ...
Registered in 0.000603 seconds.
Begin MonoManager ReloadAssembly
Native extension for WindowsStandalone target not found
Refreshing native plugins compatible for Editor in 0.25 ms, found 0 plugins.
Preloading 0 native plugins for Editor in 0.00 ms.
Mono: successfully reloaded assembly
- Completed reload, in  0.796 seconds
Platform modules already initialized, skipping
Refreshing native plugins compatible for Editor in 0.24 ms, found 0 plugins.
Preloading 0 native plugins for Editor in 0.00 ms.
Unloading 1308 Unused Serialized files (Serialized files now loaded: 0)
System memory in use before: 144.6 MB.
System memory in use after: 144.7 MB.

Unloading 5 unused Assets to reduce memory usage. Loaded Objects now: 1933.
Total: 1.683500 ms (FindLiveObjects: 0.187600 ms CreateObjectMapping: 0.041800 ms MarkObjects: 1.397600 ms  DeleteObjects: 0.055300 ms)

========================================================================
Received Prepare
Registering precompiled user dll's ...
Registered in 0.000601 seconds.
Begin MonoManager ReloadAssembly
Native extension for WindowsStandalone target not found
Refreshing native plugins compatible for Editor in 0.24 ms, found 0 plugins.
Preloading 0 native plugins for Editor in 0.00 ms.
Mono: successfully reloaded assembly
- Completed reload, in  0.755 seconds
Platform modules already initialized, skipping
Refreshing native plugins compatible for Editor in 0.24 ms, found 0 plugins.
Preloading 0 native plugins for Editor in 0.00 ms.
Unloading 1308 Unused Serialized files (Serialized files now loaded: 0)
System memory in use before: 144.6 MB.
System memory in use after: 144.7 MB.

Unloading 5 unused Assets to reduce memory usage. Loaded Objects now: 1936.
Total: 1.657000 ms (FindLiveObjects: 0.151000 ms CreateObjectMapping: 0.039500 ms MarkObjects: 1.405500 ms  DeleteObjects: 0.059800 ms)

========================================================================
Received Prepare
Registering precompiled user dll's ...
Registered in 0.000627 seconds.
Begin MonoManager ReloadAssembly
Native extension for WindowsStandalone target not found
Refreshing native plugins compatible for Editor in 0.27 ms, found 0 plugins.
Preloading 0 native plugins for Editor in 0.00 ms.
Mono: successfully reloaded assembly
- Completed reload, in  0.757 seconds
Platform modules already initialized, skipping
Refreshing native plugins compatible for Editor in 0.25 ms, found 0 plugins.
Preloading 0 native plugins for Editor in 0.00 ms.
Unloading 1308 Unused Serialized files (Serialized files now loaded: 0)
System memory in use before: 144.7 MB.
System memory in use after: 144.7 MB.

Unloading 5 unused Assets to reduce memory usage. Loaded Objects now: 1939.
Total: 1.741600 ms (FindLiveObjects: 0.180900 ms CreateObjectMapping: 0.045400 ms MarkObjects: 1.454000 ms  DeleteObjects: 0.060000 ms)

========================================================================
Received Prepare
Registering precompiled user dll's ...
Registered in 0.000769 seconds.
Begin MonoManager ReloadAssembly
Native extension for WindowsStandalone target not found
Refreshing native plugins compatible for Editor in 0.28 ms, found 0 plugins.
Preloading 0 native plugins for Editor in 0.00 ms.
Mono: successfully reloaded assembly
- Completed reload, in  0.761 seconds
Platform modules already initialized, skipping
Refreshing native plugins compatible for Editor in 0.42 ms, found 0 plugins.
Preloading 0 native plugins for Editor in 0.00 ms.
Unloading 1308 Unused Serialized files (Serialized files now loaded: 0)
System memory in use before: 144.7 MB.
System memory in use after: 144.7 MB.

Unloading 5 unused Assets to reduce memory usage. Loaded Objects now: 1942.
Total: 1.769600 ms (FindLiveObjects: 0.182300 ms CreateObjectMapping: 0.045300 ms MarkObjects: 1.470800 ms  DeleteObjects: 0.070100 ms)

========================================================================
Received Import Request.
  Time since last request: 8106.398540 seconds.
  path: Assets/Script/CoinAnim.cs
  artifactKey: Guid(be937ab033f791344a7017643a666f39) Importer(815301076,1909f56bfc062723c751e8b465ee728b)
Start importing Assets/Script/CoinAnim.cs using Guid(be937ab033f791344a7017643a666f39) Importer(815301076,1909f56bfc062723c751e8b465ee728b)  -> (artifact id: '101b6922d2afcedded57a07e8e8ffe9e') in 0.007736 seconds
  Import took 0.010716 seconds .

========================================================================
Received Prepare
Registering precompiled user dll's ...
Registered in 0.001284 seconds.
Begin MonoManager ReloadAssembly
Native extension for WindowsStandalone target not found
Refreshing native plugins compatible for Editor in 1.19 ms, found 0 plugins.
Preloading 0 native plugins for Editor in 0.00 ms.
Mono: successfully reloaded assembly
- Completed reload, in  1.014 seconds
Platform modules already initialized, skipping
Refreshing native plugins compatible for Editor in 0.44 ms, found 0 plugins.
Preloading 0 native plugins for Editor in 0.00 ms.
Unloading 1308 Unused Serialized files (Serialized files now loaded: 0)
System memory in use before: 144.7 MB.
System memory in use after: 144.7 MB.

Unloading 5 unused Assets to reduce memory usage. Loaded Objects now: 1945.
Total: 2.432800 ms (FindLiveObjects: 0.405000 ms CreateObjectMapping: 0.139600 ms MarkObjects: 1.820900 ms  DeleteObjects: 0.065800 ms)

========================================================================
Received Prepare
Registering precompiled user dll's ...
Registered in 0.000545 seconds.
Begin MonoManager ReloadAssembly
Native extension for WindowsStandalone target not found
Refreshing native plugins compatible for Editor in 0.27 ms, found 0 plugins.
Preloading 0 native plugins for Editor in 0.00 ms.
Mono: successfully reloaded assembly
- Completed reload, in  0.745 seconds
Platform modules already initialized, skipping
Refreshing native plugins compatible for Editor in 0.25 ms, found 0 plugins.
Preloading 0 native plugins for Editor in 0.00 ms.
Unloading 1308 Unused Serialized files (Serialized files now loaded: 0)
System memory in use before: 144.7 MB.
System memory in use after: 144.7 MB.

Unloading 5 unused Assets to reduce memory usage. Loaded Objects now: 1948.
Total: 1.655600 ms (FindLiveObjects: 0.219800 ms CreateObjectMapping: 0.044800 ms MarkObjects: 1.333500 ms  DeleteObjects: 0.056200 ms)

========================================================================
Received Prepare
Registering precompiled user dll's ...
Registered in 0.000593 seconds.
Begin MonoManager ReloadAssembly
Native extension for WindowsStandalone target not found
Refreshing native plugins compatible for Editor in 0.66 ms, found 0 plugins.
Preloading 0 native plugins for Editor in 0.00 ms.
Mono: successfully reloaded assembly
- Completed reload, in  0.855 seconds
Platform modules already initialized, skipping
Refreshing native plugins compatible for Editor in 0.26 ms, found 0 plugins.
Preloading 0 native plugins for Editor in 0.00 ms.
Unloading 1308 Unused Serialized files (Serialized files now loaded: 0)
System memory in use before: 144.7 MB.
System memory in use after: 144.8 MB.

Unloading 5 unused Assets to reduce memory usage. Loaded Objects now: 1951.
Total: 2.280000 ms (FindLiveObjects: 0.146400 ms CreateObjectMapping: 0.040500 ms MarkObjects: 2.021400 ms  DeleteObjects: 0.070100 ms)

========================================================================
Received Import Request.
  Time since last request: 114.677685 seconds.
  path: Assets/Prefabs/Cube.prefab
  artifactKey: Guid(4d01b5581b0114648a24c1107d71a627) Importer(815301076,1909f56bfc062723c751e8b465ee728b)
Start importing Assets/Prefabs/Cube.prefab using Guid(4d01b5581b0114648a24c1107d71a627) Importer(815301076,1909f56bfc062723c751e8b465ee728b)  -> (artifact id: 'a01cfae7a33a6f730d4d1f69a663ec3e') in 0.184800 seconds
  Import took 0.188307 seconds .

========================================================================
Received Import Request.
  Time since last request: 40.512322 seconds.
  path: Assets/Script/PlayerControl.cs
  artifactKey: Guid(7dd74ce13b88b344ca0681f951afea5c) Importer(815301076,1909f56bfc062723c751e8b465ee728b)
Start importing Assets/Script/PlayerControl.cs using Guid(7dd74ce13b88b344ca0681f951afea5c) Importer(815301076,1909f56bfc062723c751e8b465ee728b)  -> (artifact id: '36a9aa9b5e9820862aa3c86d5b3aba4c') in 0.008391 seconds
  Import took 0.011394 seconds .

========================================================================
Received Prepare
Registering precompiled user dll's ...
Registered in 0.000532 seconds.
Begin MonoManager ReloadAssembly
Native extension for WindowsStandalone target not found
Refreshing native plugins compatible for Editor in 0.24 ms, found 0 plugins.
Preloading 0 native plugins for Editor in 0.00 ms.
Mono: successfully reloaded assembly
- Completed reload, in  0.873 seconds
Platform modules already initialized, skipping
Refreshing native plugins compatible for Editor in 0.76 ms, found 0 plugins.
Preloading 0 native plugins for Editor in 0.00 ms.
Unloading 1308 Unused Serialized files (Serialized files now loaded: 0)
System memory in use before: 144.7 MB.
System memory in use after: 144.8 MB.

Unloading 5 unused Assets to reduce memory usage. Loaded Objects now: 1956.
Total: 2.036800 ms (FindLiveObjects: 0.251300 ms CreateObjectMapping: 0.063700 ms MarkObjects: 1.634800 ms  DeleteObjects: 0.085200 ms)

AssetImportWorkerClient::OnTransportError - code=2 error=End of file
